CRITICAL - 2023-12-20 13:07:50 --> syntax error, unexpected token ";", expecting ")"
in APPPATH\Controllers\UserController.php on line 79.
 1 SYSTEMPATH\Autoloader\Autoloader.php(289): CodeIgniter\Autoloader\Autoloader->includeFile('D:\\wamp64\\www\\learning_english-main\\app\\Controllers\\UserController.php')
 2 SYSTEMPATH\Autoloader\Autoloader.php(267): CodeIgniter\Autoloader\Autoloader->loadInNamespace('App\\Controllers\\UserController')
 3 [internal function]: CodeIgniter\Autoloader\Autoloader->loadClass('App\\Controllers\\UserController')
 4 SYSTEMPATH\CodeIgniter.php(892): class_exists('\\App\\Controllers\\UserController', true)
 5 SYSTEMPATH\CodeIgniter.php(486): CodeIgniter\CodeIgniter->startController()
 6 SYSTEMPATH\CodeIgniter.php(368): CodeIgniter\CodeIgniter->handleRequest(null, Object(Config\Cache), false)
 7 FCPATH\index.php(67): CodeIgniter\CodeIgniter->run()
 8 SYSTEMPATH\Commands\Server\rewrite.php(47): require_once('D:\\wamp64\\www\\learning_english-main\\public\\index.php')
CRITICAL - 2023-12-20 13:44:19 --> Undefined variable $username
in APPPATH\Views\User\Home\home.php on line 50.
 1 APPPATH\Views\User\Home\home.php(50): CodeIgniter\Debug\Exceptions->errorHandler(2, 'Undefined variable $username', 'D:\\wamp64\\www\\learning_english-main\\app\\Views\\User\\Home\\home.php', 50)
 2 APPPATH\Views\User\Home\home.php(58): isLoggedIn()
 3 SYSTEMPATH\View\View.php(213): include('D:\\wamp64\\www\\learning_english-main\\app\\Views\\User\\Home\\home.php')
 4 SYSTEMPATH\View\View.php(216): CodeIgniter\View\View->CodeIgniter\View\{closure}()
 5 SYSTEMPATH\Common.php(1184): CodeIgniter\View\View->render('User/Home/home', [], true)
 6 APPPATH\Controllers\Home.php(9): view('User/Home/home')
 7 SYSTEMPATH\CodeIgniter.php(934): App\Controllers\Home->index()
 8 SYSTEMPATH\CodeIgniter.php(499): CodeIgniter\CodeIgniter->runController(Object(App\Controllers\Home))
 9 SYSTEMPATH\CodeIgniter.php(368): CodeIgniter\CodeIgniter->handleRequest(null, Object(Config\Cache), false)
10 FCPATH\index.php(67): CodeIgniter\CodeIgniter->run()
11 SYSTEMPATH\Commands\Server\rewrite.php(47): require_once('D:\\wamp64\\www\\learning_english-main\\public\\index.php')
CRITICAL - 2023-12-20 13:45:06 --> Call to undefined function userlogin()
in APPPATH\Views\User\Home\home.php on line 50.
 1 APPPATH\Views\User\Home\home.php(58): isLoggedIn()
 2 SYSTEMPATH\View\View.php(213): include('D:\\wamp64\\www\\learning_english-main\\app\\Views\\User\\Home\\home.php')
 3 SYSTEMPATH\View\View.php(216): CodeIgniter\View\View->CodeIgniter\View\{closure}()
 4 SYSTEMPATH\Common.php(1184): CodeIgniter\View\View->render('User/Home/home', [], true)
 5 APPPATH\Controllers\Home.php(9): view('User/Home/home')
 6 SYSTEMPATH\CodeIgniter.php(934): App\Controllers\Home->index()
 7 SYSTEMPATH\CodeIgniter.php(499): CodeIgniter\CodeIgniter->runController(Object(App\Controllers\Home))
 8 SYSTEMPATH\CodeIgniter.php(368): CodeIgniter\CodeIgniter->handleRequest(null, Object(Config\Cache), false)
 9 FCPATH\index.php(67): CodeIgniter\CodeIgniter->run()
10 SYSTEMPATH\Commands\Server\rewrite.php(47): require_once('D:\\wamp64\\www\\learning_english-main\\public\\index.php')
CRITICAL - 2023-12-20 13:46:06 --> The use statement with non-compound name 'Controllers' has no effect
in APPPATH\Views\User\Home\home.php on line 5.
 1 SYSTEMPATH\View\View.php(213): CodeIgniter\Debug\Exceptions->errorHandler(2, 'The use statement with non-compound name \'Controllers\' has no effect', 'D:\\wamp64\\www\\learning_english-main\\app\\Views\\User\\Home\\home.php', 5)
 2 SYSTEMPATH\View\View.php(213): include()
 3 SYSTEMPATH\View\View.php(216): CodeIgniter\View\View->CodeIgniter\View\{closure}()
 4 SYSTEMPATH\Common.php(1184): CodeIgniter\View\View->render('User/Home/home', [], true)
 5 APPPATH\Controllers\Home.php(9): view('User/Home/home')
 6 SYSTEMPATH\CodeIgniter.php(934): App\Controllers\Home->index()
 7 SYSTEMPATH\CodeIgniter.php(499): CodeIgniter\CodeIgniter->runController(Object(App\Controllers\Home))
 8 SYSTEMPATH\CodeIgniter.php(368): CodeIgniter\CodeIgniter->handleRequest(null, Object(Config\Cache), false)
 9 FCPATH\index.php(67): CodeIgniter\CodeIgniter->run()
10 SYSTEMPATH\Commands\Server\rewrite.php(47): require_once('D:\\wamp64\\www\\learning_english-main\\public\\index.php')
CRITICAL - 2023-12-20 13:47:25 --> Call to undefined function userlogin()
in APPPATH\Views\User\Home\home.php on line 51.
 1 APPPATH\Views\User\Home\home.php(59): isLoggedIn()
 2 SYSTEMPATH\View\View.php(213): include('D:\\wamp64\\www\\learning_english-main\\app\\Views\\User\\Home\\home.php')
 3 SYSTEMPATH\View\View.php(216): CodeIgniter\View\View->CodeIgniter\View\{closure}()
 4 SYSTEMPATH\Common.php(1184): CodeIgniter\View\View->render('User/Home/home', [], true)
 5 APPPATH\Controllers\Home.php(9): view('User/Home/home')
 6 SYSTEMPATH\CodeIgniter.php(934): App\Controllers\Home->index()
 7 SYSTEMPATH\CodeIgniter.php(499): CodeIgniter\CodeIgniter->runController(Object(App\Controllers\Home))
 8 SYSTEMPATH\CodeIgniter.php(368): CodeIgniter\CodeIgniter->handleRequest(null, Object(Config\Cache), false)
 9 FCPATH\index.php(67): CodeIgniter\CodeIgniter->run()
10 SYSTEMPATH\Commands\Server\rewrite.php(47): require_once('D:\\wamp64\\www\\learning_english-main\\public\\index.php')
CRITICAL - 2023-12-20 13:52:03 --> Call to undefined function userlogin()
in APPPATH\Views\User\Home\home.php on line 51.
 1 APPPATH\Views\User\Home\home.php(59): isLoggedIn()
 2 SYSTEMPATH\View\View.php(213): include('D:\\wamp64\\www\\learning_english-main\\app\\Views\\User\\Home\\home.php')
 3 SYSTEMPATH\View\View.php(216): CodeIgniter\View\View->CodeIgniter\View\{closure}()
 4 SYSTEMPATH\Common.php(1184): CodeIgniter\View\View->render('User/Home/home', [], true)
 5 APPPATH\Controllers\Home.php(9): view('User/Home/home')
 6 SYSTEMPATH\CodeIgniter.php(934): App\Controllers\Home->index()
 7 SYSTEMPATH\CodeIgniter.php(499): CodeIgniter\CodeIgniter->runController(Object(App\Controllers\Home))
 8 SYSTEMPATH\CodeIgniter.php(368): CodeIgniter\CodeIgniter->handleRequest(null, Object(Config\Cache), false)
 9 FCPATH\index.php(67): CodeIgniter\CodeIgniter->run()
10 SYSTEMPATH\Commands\Server\rewrite.php(47): require_once('D:\\wamp64\\www\\learning_english-main\\public\\index.php')
CRITICAL - 2023-12-20 13:52:30 --> ini_set(): Session ini settings cannot be changed when a session is active
in SYSTEMPATH\Session\Handlers\FileHandler.php on line 72.
 1 [internal function]: CodeIgniter\Debug\Exceptions->errorHandler(2, 'ini_set(): Session ini settings cannot be changed when a session is active', 'D:\\wamp64\\www\\learning_english-main\\system\\Session\\Handlers\\FileHandler.php', 72)
 2 SYSTEMPATH\Session\Handlers\FileHandler.php(72): ini_set('session.save_path', 'D:\\wamp64\\www\\learning_english-main\\writable\\session')
 3 SYSTEMPATH\Config\Services.php(667): CodeIgniter\Session\Handlers\FileHandler->__construct(Object(Config\App), '::1')
 4 SYSTEMPATH\Config\BaseService.php(252): CodeIgniter\Config\Services::session(Object(Config\App), false)
 5 SYSTEMPATH\Config\BaseService.php(193): CodeIgniter\Config\BaseService::__callStatic('session', [...])
 6 SYSTEMPATH\Config\Services.php(641): CodeIgniter\Config\BaseService::getSharedInstance('session', null)
 7 SYSTEMPATH\Config\BaseService.php(252): CodeIgniter\Config\Services::session()
 8 SYSTEMPATH\Common.php(988): CodeIgniter\Config\BaseService::__callStatic('session', [])
 9 APPPATH\Views\User\navbar.php(23): session()
10 SYSTEMPATH\View\View.php(213): include('D:\\wamp64\\www\\learning_english-main\\app\\Views\\User\\navbar.php')
11 SYSTEMPATH\View\View.php(216): CodeIgniter\View\View->CodeIgniter\View\{closure}()
12 SYSTEMPATH\View\View.php(431): CodeIgniter\View\View->render('User/navbar', null, true)
13 APPPATH\Views\User\header.php(13): CodeIgniter\View\View->include('User/navbar')
14 SYSTEMPATH\View\View.php(213): include('D:\\wamp64\\www\\learning_english-main\\app\\Views\\User\\header.php')
15 SYSTEMPATH\View\View.php(216): CodeIgniter\View\View->CodeIgniter\View\{closure}()
16 SYSTEMPATH\View\View.php(431): CodeIgniter\View\View->render('User/header', null, true)
17 APPPATH\Views\User\layout.php(43): CodeIgniter\View\View->include('User/header')
18 SYSTEMPATH\View\View.php(213): include('D:\\wamp64\\www\\learning_english-main\\app\\Views\\User\\layout.php')
19 SYSTEMPATH\View\View.php(216): CodeIgniter\View\View->CodeIgniter\View\{closure}()
20 SYSTEMPATH\View\View.php(229): CodeIgniter\View\View->render('User/layout', [], true)
21 SYSTEMPATH\Common.php(1184): CodeIgniter\View\View->render('User/Home/home', [], true)
22 APPPATH\Controllers\Home.php(9): view('User/Home/home')
23 SYSTEMPATH\CodeIgniter.php(934): App\Controllers\Home->index()
24 SYSTEMPATH\CodeIgniter.php(499): CodeIgniter\CodeIgniter->runController(Object(App\Controllers\Home))
25 SYSTEMPATH\CodeIgniter.php(368): CodeIgniter\CodeIgniter->handleRequest(null, Object(Config\Cache), false)
26 FCPATH\index.php(67): CodeIgniter\CodeIgniter->run()
27 SYSTEMPATH\Commands\Server\rewrite.php(47): require_once('D:\\wamp64\\www\\learning_english-main\\public\\index.php')
CRITICAL - 2023-12-20 13:53:19 --> ini_set(): Session ini settings cannot be changed when a session is active
in SYSTEMPATH\Session\Handlers\FileHandler.php on line 72.
 1 [internal function]: CodeIgniter\Debug\Exceptions->errorHandler(2, 'ini_set(): Session ini settings cannot be changed when a session is active', 'D:\\wamp64\\www\\learning_english-main\\system\\Session\\Handlers\\FileHandler.php', 72)
 2 SYSTEMPATH\Session\Handlers\FileHandler.php(72): ini_set('session.save_path', 'D:\\wamp64\\www\\learning_english-main\\writable\\session')
 3 SYSTEMPATH\Config\Services.php(667): CodeIgniter\Session\Handlers\FileHandler->__construct(Object(Config\App), '::1')
 4 SYSTEMPATH\Config\BaseService.php(252): CodeIgniter\Config\Services::session(Object(Config\App), false)
 5 SYSTEMPATH\Config\BaseService.php(193): CodeIgniter\Config\BaseService::__callStatic('session', [...])
 6 SYSTEMPATH\Config\Services.php(641): CodeIgniter\Config\BaseService::getSharedInstance('session', null)
 7 SYSTEMPATH\Config\BaseService.php(252): CodeIgniter\Config\Services::session()
 8 SYSTEMPATH\Common.php(988): CodeIgniter\Config\BaseService::__callStatic('session', [])
 9 APPPATH\Views\User\navbar.php(23): session()
10 SYSTEMPATH\View\View.php(213): include('D:\\wamp64\\www\\learning_english-main\\app\\Views\\User\\navbar.php')
11 SYSTEMPATH\View\View.php(216): CodeIgniter\View\View->CodeIgniter\View\{closure}()
12 SYSTEMPATH\View\View.php(431): CodeIgniter\View\View->render('User/navbar', null, true)
13 APPPATH\Views\User\header.php(13): CodeIgniter\View\View->include('User/navbar')
14 SYSTEMPATH\View\View.php(213): include('D:\\wamp64\\www\\learning_english-main\\app\\Views\\User\\header.php')
15 SYSTEMPATH\View\View.php(216): CodeIgniter\View\View->CodeIgniter\View\{closure}()
16 SYSTEMPATH\View\View.php(431): CodeIgniter\View\View->render('User/header', null, true)
17 APPPATH\Views\User\layout.php(43): CodeIgniter\View\View->include('User/header')
18 SYSTEMPATH\View\View.php(213): include('D:\\wamp64\\www\\learning_english-main\\app\\Views\\User\\layout.php')
19 SYSTEMPATH\View\View.php(216): CodeIgniter\View\View->CodeIgniter\View\{closure}()
20 SYSTEMPATH\View\View.php(229): CodeIgniter\View\View->render('User/layout', [], true)
21 SYSTEMPATH\Common.php(1184): CodeIgniter\View\View->render('User/Home/home', [], true)
22 APPPATH\Controllers\Home.php(9): view('User/Home/home')
23 SYSTEMPATH\CodeIgniter.php(934): App\Controllers\Home->index()
24 SYSTEMPATH\CodeIgniter.php(499): CodeIgniter\CodeIgniter->runController(Object(App\Controllers\Home))
25 SYSTEMPATH\CodeIgniter.php(368): CodeIgniter\CodeIgniter->handleRequest(null, Object(Config\Cache), false)
26 FCPATH\index.php(67): CodeIgniter\CodeIgniter->run()
27 SYSTEMPATH\Commands\Server\rewrite.php(47): require_once('D:\\wamp64\\www\\learning_english-main\\public\\index.php')
CRITICAL - 2023-12-20 13:53:20 --> ini_set(): Session ini settings cannot be changed when a session is active
in SYSTEMPATH\Session\Handlers\FileHandler.php on line 72.
 1 [internal function]: CodeIgniter\Debug\Exceptions->errorHandler(2, 'ini_set(): Session ini settings cannot be changed when a session is active', 'D:\\wamp64\\www\\learning_english-main\\system\\Session\\Handlers\\FileHandler.php', 72)
 2 SYSTEMPATH\Session\Handlers\FileHandler.php(72): ini_set('session.save_path', 'D:\\wamp64\\www\\learning_english-main\\writable\\session')
 3 SYSTEMPATH\Config\Services.php(667): CodeIgniter\Session\Handlers\FileHandler->__construct(Object(Config\App), '::1')
 4 SYSTEMPATH\Config\BaseService.php(252): CodeIgniter\Config\Services::session(Object(Config\App), false)
 5 SYSTEMPATH\Config\BaseService.php(193): CodeIgniter\Config\BaseService::__callStatic('session', [...])
 6 SYSTEMPATH\Config\Services.php(641): CodeIgniter\Config\BaseService::getSharedInstance('session', null)
 7 SYSTEMPATH\Config\BaseService.php(252): CodeIgniter\Config\Services::session()
 8 SYSTEMPATH\Common.php(988): CodeIgniter\Config\BaseService::__callStatic('session', [])
 9 APPPATH\Views\User\navbar.php(23): session()
10 SYSTEMPATH\View\View.php(213): include('D:\\wamp64\\www\\learning_english-main\\app\\Views\\User\\navbar.php')
11 SYSTEMPATH\View\View.php(216): CodeIgniter\View\View->CodeIgniter\View\{closure}()
12 SYSTEMPATH\View\View.php(431): CodeIgniter\View\View->render('User/navbar', null, true)
13 APPPATH\Views\User\header.php(13): CodeIgniter\View\View->include('User/navbar')
14 SYSTEMPATH\View\View.php(213): include('D:\\wamp64\\www\\learning_english-main\\app\\Views\\User\\header.php')
15 SYSTEMPATH\View\View.php(216): CodeIgniter\View\View->CodeIgniter\View\{closure}()
16 SYSTEMPATH\View\View.php(431): CodeIgniter\View\View->render('User/header', null, true)
17 APPPATH\Views\User\layout.php(43): CodeIgniter\View\View->include('User/header')
18 SYSTEMPATH\View\View.php(213): include('D:\\wamp64\\www\\learning_english-main\\app\\Views\\User\\layout.php')
19 SYSTEMPATH\View\View.php(216): CodeIgniter\View\View->CodeIgniter\View\{closure}()
20 SYSTEMPATH\View\View.php(229): CodeIgniter\View\View->render('User/layout', [], true)
21 SYSTEMPATH\Common.php(1184): CodeIgniter\View\View->render('User/Home/home', [], true)
22 APPPATH\Controllers\Home.php(9): view('User/Home/home')
23 SYSTEMPATH\CodeIgniter.php(934): App\Controllers\Home->index()
24 SYSTEMPATH\CodeIgniter.php(499): CodeIgniter\CodeIgniter->runController(Object(App\Controllers\Home))
25 SYSTEMPATH\CodeIgniter.php(368): CodeIgniter\CodeIgniter->handleRequest(null, Object(Config\Cache), false)
26 FCPATH\index.php(67): CodeIgniter\CodeIgniter->run()
27 SYSTEMPATH\Commands\Server\rewrite.php(47): require_once('D:\\wamp64\\www\\learning_english-main\\public\\index.php')
CRITICAL - 2023-12-20 14:02:14 --> ini_set(): Session ini settings cannot be changed when a session is active
in SYSTEMPATH\Session\Handlers\FileHandler.php on line 72.
 1 [internal function]: CodeIgniter\Debug\Exceptions->errorHandler(2, 'ini_set(): Session ini settings cannot be changed when a session is active', 'D:\\wamp64\\www\\learning_english-main\\system\\Session\\Handlers\\FileHandler.php', 72)
 2 SYSTEMPATH\Session\Handlers\FileHandler.php(72): ini_set('session.save_path', 'D:\\wamp64\\www\\learning_english-main\\writable\\session')
 3 SYSTEMPATH\Config\Services.php(667): CodeIgniter\Session\Handlers\FileHandler->__construct(Object(Config\App), '::1')
 4 SYSTEMPATH\Config\BaseService.php(252): CodeIgniter\Config\Services::session(Object(Config\App), false)
 5 SYSTEMPATH\Config\BaseService.php(193): CodeIgniter\Config\BaseService::__callStatic('session', [...])
 6 SYSTEMPATH\Config\Services.php(641): CodeIgniter\Config\BaseService::getSharedInstance('session', null)
 7 SYSTEMPATH\Config\BaseService.php(252): CodeIgniter\Config\Services::session()
 8 SYSTEMPATH\Common.php(988): CodeIgniter\Config\BaseService::__callStatic('session', [])
 9 APPPATH\Views\User\navbar.php(23): session()
10 SYSTEMPATH\View\View.php(213): include('D:\\wamp64\\www\\learning_english-main\\app\\Views\\User\\navbar.php')
11 SYSTEMPATH\View\View.php(216): CodeIgniter\View\View->CodeIgniter\View\{closure}()
12 SYSTEMPATH\View\View.php(431): CodeIgniter\View\View->render('User/navbar', null, true)
13 APPPATH\Views\User\header.php(13): CodeIgniter\View\View->include('User/navbar')
14 SYSTEMPATH\View\View.php(213): include('D:\\wamp64\\www\\learning_english-main\\app\\Views\\User\\header.php')
15 SYSTEMPATH\View\View.php(216): CodeIgniter\View\View->CodeIgniter\View\{closure}()
16 SYSTEMPATH\View\View.php(431): CodeIgniter\View\View->render('User/header', null, true)
17 APPPATH\Views\User\layout.php(43): CodeIgniter\View\View->include('User/header')
18 SYSTEMPATH\View\View.php(213): include('D:\\wamp64\\www\\learning_english-main\\app\\Views\\User\\layout.php')
19 SYSTEMPATH\View\View.php(216): CodeIgniter\View\View->CodeIgniter\View\{closure}()
20 SYSTEMPATH\View\View.php(229): CodeIgniter\View\View->render('User/layout', [], true)
21 SYSTEMPATH\Common.php(1184): CodeIgniter\View\View->render('User/Home/home', [], true)
22 APPPATH\Controllers\Home.php(9): view('User/Home/home')
23 SYSTEMPATH\CodeIgniter.php(934): App\Controllers\Home->index()
24 SYSTEMPATH\CodeIgniter.php(499): CodeIgniter\CodeIgniter->runController(Object(App\Controllers\Home))
25 SYSTEMPATH\CodeIgniter.php(368): CodeIgniter\CodeIgniter->handleRequest(null, Object(Config\Cache), false)
26 FCPATH\index.php(67): CodeIgniter\CodeIgniter->run()
27 SYSTEMPATH\Commands\Server\rewrite.php(47): require_once('D:\\wamp64\\www\\learning_english-main\\public\\index.php')
