CRITICAL - 2023-12-22 13:02:28 --> Undefined property: CodeIgniter\View\View::$session
in APPPATH\Views\User\Exam\ExamToeicRandom.php on line 419.
 1 APPPATH\Views\User\Exam\ExamToeicRandom.php(419): CodeIgniter\Debug\Exceptions->errorHandler(2, 'Undefined property: CodeIgniter\\View\\View::$session', 'D:\\wamp64\\www\\learning_english-main\\App\\Views\\User\\Exam\\ExamToeicRandom.php', 419)
 2 SYSTEMPATH\View\View.php(213): include('D:\\wamp64\\www\\learning_english-main\\App\\Views\\User\\Exam\\ExamToeicRandom.php')
 3 SYSTEMPATH\View\View.php(216): CodeIgniter\View\View->CodeIgniter\View\{closure}()
 4 SYSTEMPATH\Common.php(1184): CodeIgniter\View\View->render('User/Exam/ExamToeicRandom', [], true)
 5 APPPATH\Controllers\ExamToeicRandom.php(77): view('User/Exam/ExamToeicRandom', [...])
 6 SYSTEMPATH\CodeIgniter.php(934): App\Controllers\ExamToeicRandom->index()
 7 SYSTEMPATH\CodeIgniter.php(499): CodeIgniter\CodeIgniter->runController(Object(App\Controllers\ExamToeicRandom))
 8 SYSTEMPATH\CodeIgniter.php(368): CodeIgniter\CodeIgniter->handleRequest(null, Object(Config\Cache), false)
 9 FCPATH\index.php(67): CodeIgniter\CodeIgniter->run()
10 SYSTEMPATH\Commands\Server\rewrite.php(47): require_once('D:\\wamp64\\www\\learning_english-main\\public\\index.php')
CRITICAL - 2023-12-22 13:03:32 --> Call to undefined method CodeIgniter\View\View::session()
in APPPATH\Views\User\Exam\ExamToeicRandom.php on line 419.
 1 SYSTEMPATH\View\View.php(213): include()
 2 SYSTEMPATH\View\View.php(216): CodeIgniter\View\View->CodeIgniter\View\{closure}()
 3 SYSTEMPATH\Common.php(1184): CodeIgniter\View\View->render('User/Exam/ExamToeicRandom', [], true)
 4 APPPATH\Controllers\ExamToeicRandom.php(77): view('User/Exam/ExamToeicRandom', [...])
 5 SYSTEMPATH\CodeIgniter.php(934): App\Controllers\ExamToeicRandom->index()
 6 SYSTEMPATH\CodeIgniter.php(499): CodeIgniter\CodeIgniter->runController(Object(App\Controllers\ExamToeicRandom))
 7 SYSTEMPATH\CodeIgniter.php(368): CodeIgniter\CodeIgniter->handleRequest(null, Object(Config\Cache), false)
 8 FCPATH\index.php(67): CodeIgniter\CodeIgniter->run()
 9 SYSTEMPATH\Commands\Server\rewrite.php(47): require_once('D:\\wamp64\\www\\learning_english-main\\public\\index.php')
CRITICAL - 2023-12-22 13:03:41 --> Call to undefined method CodeIgniter\View\View::session()
in APPPATH\Views\User\Exam\ExamToeicRandom.php on line 419.
 1 SYSTEMPATH\View\View.php(213): include()
 2 SYSTEMPATH\View\View.php(216): CodeIgniter\View\View->CodeIgniter\View\{closure}()
 3 SYSTEMPATH\Common.php(1184): CodeIgniter\View\View->render('User/Exam/ExamToeicRandom', [], true)
 4 APPPATH\Controllers\ExamToeicRandom.php(77): view('User/Exam/ExamToeicRandom', [...])
 5 SYSTEMPATH\CodeIgniter.php(934): App\Controllers\ExamToeicRandom->index()
 6 SYSTEMPATH\CodeIgniter.php(499): CodeIgniter\CodeIgniter->runController(Object(App\Controllers\ExamToeicRandom))
 7 SYSTEMPATH\CodeIgniter.php(368): CodeIgniter\CodeIgniter->handleRequest(null, Object(Config\Cache), false)
 8 FCPATH\index.php(67): CodeIgniter\CodeIgniter->run()
 9 SYSTEMPATH\Commands\Server\rewrite.php(47): require_once('D:\\wamp64\\www\\learning_english-main\\public\\index.php')
CRITICAL - 2023-12-22 13:03:48 --> Undefined property: CodeIgniter\View\View::$session
in APPPATH\Views\User\Exam\ExamToeicRandom.php on line 419.
 1 APPPATH\Views\User\Exam\ExamToeicRandom.php(419): CodeIgniter\Debug\Exceptions->errorHandler(2, 'Undefined property: CodeIgniter\\View\\View::$session', 'D:\\wamp64\\www\\learning_english-main\\App\\Views\\User\\Exam\\ExamToeicRandom.php', 419)
 2 SYSTEMPATH\View\View.php(213): include('D:\\wamp64\\www\\learning_english-main\\App\\Views\\User\\Exam\\ExamToeicRandom.php')
 3 SYSTEMPATH\View\View.php(216): CodeIgniter\View\View->CodeIgniter\View\{closure}()
 4 SYSTEMPATH\Common.php(1184): CodeIgniter\View\View->render('User/Exam/ExamToeicRandom', [], true)
 5 APPPATH\Controllers\ExamToeicRandom.php(77): view('User/Exam/ExamToeicRandom', [...])
 6 SYSTEMPATH\CodeIgniter.php(934): App\Controllers\ExamToeicRandom->index()
 7 SYSTEMPATH\CodeIgniter.php(499): CodeIgniter\CodeIgniter->runController(Object(App\Controllers\ExamToeicRandom))
 8 SYSTEMPATH\CodeIgniter.php(368): CodeIgniter\CodeIgniter->handleRequest(null, Object(Config\Cache), false)
 9 FCPATH\index.php(67): CodeIgniter\CodeIgniter->run()
10 SYSTEMPATH\Commands\Server\rewrite.php(47): require_once('D:\\wamp64\\www\\learning_english-main\\public\\index.php')
CRITICAL - 2023-12-22 13:05:43 --> syntax error, unexpected token "public"
in APPPATH\Views\User\Exam\ExamToeicRandom.php on line 407.
 1 SYSTEMPATH\View\View.php(216): CodeIgniter\View\View->CodeIgniter\View\{closure}()
 2 SYSTEMPATH\Common.php(1184): CodeIgniter\View\View->render('User/Exam/ExamToeicRandom', [], true)
 3 APPPATH\Controllers\ExamToeicRandom.php(77): view('User/Exam/ExamToeicRandom', [...])
 4 SYSTEMPATH\CodeIgniter.php(934): App\Controllers\ExamToeicRandom->index()
 5 SYSTEMPATH\CodeIgniter.php(499): CodeIgniter\CodeIgniter->runController(Object(App\Controllers\ExamToeicRandom))
 6 SYSTEMPATH\CodeIgniter.php(368): CodeIgniter\CodeIgniter->handleRequest(null, Object(Config\Cache), false)
 7 FCPATH\index.php(67): CodeIgniter\CodeIgniter->run()
 8 SYSTEMPATH\Commands\Server\rewrite.php(47): require_once('D:\\wamp64\\www\\learning_english-main\\public\\index.php')
CRITICAL - 2023-12-22 13:05:44 --> syntax error, unexpected token "public"
in APPPATH\Views\User\Exam\ExamToeicRandom.php on line 407.
 1 SYSTEMPATH\View\View.php(216): CodeIgniter\View\View->CodeIgniter\View\{closure}()
 2 SYSTEMPATH\Common.php(1184): CodeIgniter\View\View->render('User/Exam/ExamToeicRandom', [], true)
 3 APPPATH\Controllers\ExamToeicRandom.php(77): view('User/Exam/ExamToeicRandom', [...])
 4 SYSTEMPATH\CodeIgniter.php(934): App\Controllers\ExamToeicRandom->index()
 5 SYSTEMPATH\CodeIgniter.php(499): CodeIgniter\CodeIgniter->runController(Object(App\Controllers\ExamToeicRandom))
 6 SYSTEMPATH\CodeIgniter.php(368): CodeIgniter\CodeIgniter->handleRequest(null, Object(Config\Cache), false)
 7 FCPATH\index.php(67): CodeIgniter\CodeIgniter->run()
 8 SYSTEMPATH\Commands\Server\rewrite.php(47): require_once('D:\\wamp64\\www\\learning_english-main\\public\\index.php')
CRITICAL - 2023-12-22 13:05:59 --> Cannot use "parent" when no class scope is active
in APPPATH\Views\User\Exam\ExamToeicRandom.php on line 408.
 1 [internal function]: CodeIgniter\Debug\Exceptions->shutdownHandler()
CRITICAL - 2023-12-22 13:07:07 --> syntax error, unexpected token "if"
in APPPATH\Views\User\Exam\ExamToeicRandom.php on line 409.
 1 SYSTEMPATH\View\View.php(216): CodeIgniter\View\View->CodeIgniter\View\{closure}()
 2 SYSTEMPATH\Common.php(1184): CodeIgniter\View\View->render('User/Exam/ExamToeicRandom', [], true)
 3 APPPATH\Controllers\ExamToeicRandom.php(77): view('User/Exam/ExamToeicRandom', [...])
 4 SYSTEMPATH\CodeIgniter.php(934): App\Controllers\ExamToeicRandom->index()
 5 SYSTEMPATH\CodeIgniter.php(499): CodeIgniter\CodeIgniter->runController(Object(App\Controllers\ExamToeicRandom))
 6 SYSTEMPATH\CodeIgniter.php(368): CodeIgniter\CodeIgniter->handleRequest(null, Object(Config\Cache), false)
 7 FCPATH\index.php(67): CodeIgniter\CodeIgniter->run()
 8 SYSTEMPATH\Commands\Server\rewrite.php(47): require_once('D:\\wamp64\\www\\learning_english-main\\public\\index.php')
CRITICAL - 2023-12-22 13:07:20 --> Undefined property: CodeIgniter\View\View::$load
in APPPATH\Views\User\Exam\ExamToeicRandom.php on line 407.
 1 APPPATH\Views\User\Exam\ExamToeicRandom.php(407): CodeIgniter\Debug\Exceptions->errorHandler(2, 'Undefined property: CodeIgniter\\View\\View::$load', 'D:\\wamp64\\www\\learning_english-main\\App\\Views\\User\\Exam\\ExamToeicRandom.php', 407)
 2 SYSTEMPATH\View\View.php(213): include('D:\\wamp64\\www\\learning_english-main\\App\\Views\\User\\Exam\\ExamToeicRandom.php')
 3 SYSTEMPATH\View\View.php(216): CodeIgniter\View\View->CodeIgniter\View\{closure}()
 4 SYSTEMPATH\Common.php(1184): CodeIgniter\View\View->render('User/Exam/ExamToeicRandom', [], true)
 5 APPPATH\Controllers\ExamToeicRandom.php(77): view('User/Exam/ExamToeicRandom', [...])
 6 SYSTEMPATH\CodeIgniter.php(934): App\Controllers\ExamToeicRandom->index()
 7 SYSTEMPATH\CodeIgniter.php(499): CodeIgniter\CodeIgniter->runController(Object(App\Controllers\ExamToeicRandom))
 8 SYSTEMPATH\CodeIgniter.php(368): CodeIgniter\CodeIgniter->handleRequest(null, Object(Config\Cache), false)
 9 FCPATH\index.php(67): CodeIgniter\CodeIgniter->run()
10 SYSTEMPATH\Commands\Server\rewrite.php(47): require_once('D:\\wamp64\\www\\learning_english-main\\public\\index.php')
CRITICAL - 2023-12-22 13:09:09 --> Unclosed '{' on line 407 does not match ')'
in APPPATH\Views\User\Exam\ExamToeicRandom.php on line 412.
 1 SYSTEMPATH\View\View.php(216): CodeIgniter\View\View->CodeIgniter\View\{closure}()
 2 SYSTEMPATH\Common.php(1184): CodeIgniter\View\View->render('User/Exam/ExamToeicRandom', [], true)
 3 APPPATH\Controllers\ExamToeicRandom.php(77): view('User/Exam/ExamToeicRandom', [...])
 4 SYSTEMPATH\CodeIgniter.php(934): App\Controllers\ExamToeicRandom->index()
 5 SYSTEMPATH\CodeIgniter.php(499): CodeIgniter\CodeIgniter->runController(Object(App\Controllers\ExamToeicRandom))
 6 SYSTEMPATH\CodeIgniter.php(368): CodeIgniter\CodeIgniter->handleRequest(null, Object(Config\Cache), false)
 7 FCPATH\index.php(67): CodeIgniter\CodeIgniter->run()
 8 SYSTEMPATH\Commands\Server\rewrite.php(47): require_once('D:\\wamp64\\www\\learning_english-main\\public\\index.php')
CRITICAL - 2023-12-22 13:09:24 --> Class "CI_Controller" not found
in APPPATH\Views\User\Exam\ExamToeicRandom.php on line 407.
 1 SYSTEMPATH\View\View.php(213): include()
 2 SYSTEMPATH\View\View.php(216): CodeIgniter\View\View->CodeIgniter\View\{closure}()
 3 SYSTEMPATH\Common.php(1184): CodeIgniter\View\View->render('User/Exam/ExamToeicRandom', [], true)
 4 APPPATH\Controllers\ExamToeicRandom.php(77): view('User/Exam/ExamToeicRandom', [...])
 5 SYSTEMPATH\CodeIgniter.php(934): App\Controllers\ExamToeicRandom->index()
 6 SYSTEMPATH\CodeIgniter.php(499): CodeIgniter\CodeIgniter->runController(Object(App\Controllers\ExamToeicRandom))
 7 SYSTEMPATH\CodeIgniter.php(368): CodeIgniter\CodeIgniter->handleRequest(null, Object(Config\Cache), false)
 8 FCPATH\index.php(67): CodeIgniter\CodeIgniter->run()
 9 SYSTEMPATH\Commands\Server\rewrite.php(47): require_once('D:\\wamp64\\www\\learning_english-main\\public\\index.php')
CRITICAL - 2023-12-22 13:15:32 --> Undefined property: CodeIgniter\View\View::$session
in APPPATH\Views\User\Exam\ExamToeicRandom.php on line 415.
 1 APPPATH\Views\User\Exam\ExamToeicRandom.php(415): CodeIgniter\Debug\Exceptions->errorHandler(2, 'Undefined property: CodeIgniter\\View\\View::$session', 'D:\\wamp64\\www\\learning_english-main\\App\\Views\\User\\Exam\\ExamToeicRandom.php', 415)
 2 SYSTEMPATH\View\View.php(213): include('D:\\wamp64\\www\\learning_english-main\\App\\Views\\User\\Exam\\ExamToeicRandom.php')
 3 SYSTEMPATH\View\View.php(216): CodeIgniter\View\View->CodeIgniter\View\{closure}()
 4 SYSTEMPATH\Common.php(1184): CodeIgniter\View\View->render('User/Exam/ExamToeicRandom', [], true)
 5 APPPATH\Controllers\ExamToeicRandom.php(77): view('User/Exam/ExamToeicRandom', [...])
 6 SYSTEMPATH\CodeIgniter.php(934): App\Controllers\ExamToeicRandom->index()
 7 SYSTEMPATH\CodeIgniter.php(499): CodeIgniter\CodeIgniter->runController(Object(App\Controllers\ExamToeicRandom))
 8 SYSTEMPATH\CodeIgniter.php(368): CodeIgniter\CodeIgniter->handleRequest(null, Object(Config\Cache), false)
 9 FCPATH\index.php(67): CodeIgniter\CodeIgniter->run()
10 SYSTEMPATH\Commands\Server\rewrite.php(47): require_once('D:\\wamp64\\www\\learning_english-main\\public\\index.php')
CRITICAL - 2023-12-22 13:15:57 --> Undefined property: CodeIgniter\View\View::$session
in APPPATH\Views\User\Exam\ExamToeicRandom.php on line 415.
 1 APPPATH\Views\User\Exam\ExamToeicRandom.php(415): CodeIgniter\Debug\Exceptions->errorHandler(2, 'Undefined property: CodeIgniter\\View\\View::$session', 'D:\\wamp64\\www\\learning_english-main\\App\\Views\\User\\Exam\\ExamToeicRandom.php', 415)
 2 SYSTEMPATH\View\View.php(213): include('D:\\wamp64\\www\\learning_english-main\\App\\Views\\User\\Exam\\ExamToeicRandom.php')
 3 SYSTEMPATH\View\View.php(216): CodeIgniter\View\View->CodeIgniter\View\{closure}()
 4 SYSTEMPATH\Common.php(1184): CodeIgniter\View\View->render('User/Exam/ExamToeicRandom', [], true)
 5 APPPATH\Controllers\ExamToeicRandom.php(77): view('User/Exam/ExamToeicRandom', [...])
 6 SYSTEMPATH\CodeIgniter.php(934): App\Controllers\ExamToeicRandom->index()
 7 SYSTEMPATH\CodeIgniter.php(499): CodeIgniter\CodeIgniter->runController(Object(App\Controllers\ExamToeicRandom))
 8 SYSTEMPATH\CodeIgniter.php(368): CodeIgniter\CodeIgniter->handleRequest(null, Object(Config\Cache), false)
 9 FCPATH\index.php(67): CodeIgniter\CodeIgniter->run()
10 SYSTEMPATH\Commands\Server\rewrite.php(47): require_once('D:\\wamp64\\www\\learning_english-main\\public\\index.php')
CRITICAL - 2023-12-22 13:17:32 --> syntax error, unexpected token "endforeach"
in APPPATH\Views\User\Exam\ExamToeicRandom.php on line 422.
 1 SYSTEMPATH\View\View.php(216): CodeIgniter\View\View->CodeIgniter\View\{closure}()
 2 SYSTEMPATH\Common.php(1184): CodeIgniter\View\View->render('User/Exam/ExamToeicRandom', [], true)
 3 APPPATH\Controllers\ExamToeicRandom.php(77): view('User/Exam/ExamToeicRandom', [...])
 4 SYSTEMPATH\CodeIgniter.php(934): App\Controllers\ExamToeicRandom->index()
 5 SYSTEMPATH\CodeIgniter.php(499): CodeIgniter\CodeIgniter->runController(Object(App\Controllers\ExamToeicRandom))
 6 SYSTEMPATH\CodeIgniter.php(368): CodeIgniter\CodeIgniter->handleRequest(null, Object(Config\Cache), false)
 7 FCPATH\index.php(67): CodeIgniter\CodeIgniter->run()
 8 SYSTEMPATH\Commands\Server\rewrite.php(47): require_once('D:\\wamp64\\www\\learning_english-main\\public\\index.php')
CRITICAL - 2023-12-22 13:18:16 --> Undefined property: CodeIgniter\View\View::$session
in APPPATH\Views\User\Exam\ExamToeicRandom.php on line 415.
 1 APPPATH\Views\User\Exam\ExamToeicRandom.php(415): CodeIgniter\Debug\Exceptions->errorHandler(2, 'Undefined property: CodeIgniter\\View\\View::$session', 'D:\\wamp64\\www\\learning_english-main\\App\\Views\\User\\Exam\\ExamToeicRandom.php', 415)
 2 SYSTEMPATH\View\View.php(213): include('D:\\wamp64\\www\\learning_english-main\\App\\Views\\User\\Exam\\ExamToeicRandom.php')
 3 SYSTEMPATH\View\View.php(216): CodeIgniter\View\View->CodeIgniter\View\{closure}()
 4 SYSTEMPATH\Common.php(1184): CodeIgniter\View\View->render('User/Exam/ExamToeicRandom', [], true)
 5 APPPATH\Controllers\ExamToeicRandom.php(77): view('User/Exam/ExamToeicRandom', [...])
 6 SYSTEMPATH\CodeIgniter.php(934): App\Controllers\ExamToeicRandom->index()
 7 SYSTEMPATH\CodeIgniter.php(499): CodeIgniter\CodeIgniter->runController(Object(App\Controllers\ExamToeicRandom))
 8 SYSTEMPATH\CodeIgniter.php(368): CodeIgniter\CodeIgniter->handleRequest(null, Object(Config\Cache), false)
 9 FCPATH\index.php(67): CodeIgniter\CodeIgniter->run()
10 SYSTEMPATH\Commands\Server\rewrite.php(47): require_once('D:\\wamp64\\www\\learning_english-main\\public\\index.php')
CRITICAL - 2023-12-22 13:27:34 --> syntax error, unexpected end of file
in APPPATH\Views\User\Exam\ExamToeicRandom.php on line 775.
 1 SYSTEMPATH\View\View.php(216): CodeIgniter\View\View->CodeIgniter\View\{closure}()
 2 SYSTEMPATH\Common.php(1184): CodeIgniter\View\View->render('User/Exam/ExamToeicRandom', [], true)
 3 APPPATH\Controllers\ExamToeicRandom.php(77): view('User/Exam/ExamToeicRandom', [...])
 4 SYSTEMPATH\CodeIgniter.php(934): App\Controllers\ExamToeicRandom->index()
 5 SYSTEMPATH\CodeIgniter.php(499): CodeIgniter\CodeIgniter->runController(Object(App\Controllers\ExamToeicRandom))
 6 SYSTEMPATH\CodeIgniter.php(368): CodeIgniter\CodeIgniter->handleRequest(null, Object(Config\Cache), false)
 7 FCPATH\index.php(67): CodeIgniter\CodeIgniter->run()
 8 SYSTEMPATH\Commands\Server\rewrite.php(47): require_once('D:\\wamp64\\www\\learning_english-main\\public\\index.php')
